
=== Sun Jan 26 11:42:04 2020

Packages were changed.
Update Mode: resetToDefaultDependencies

The following packages were added:
  com.unity.ext.nunit@1.0.0
  com.unity.test-framework@1.0.13
  com.unity.timeline@1.1.0
The following packages were removed:
  com.unity.2d.sprite@1.0.0

=== Sun Mar  1 17:02:24 2020

Packages were changed.
Update Mode: updateDependencies

The following packages were updated:
  com.unity.ide.rider from version 1.1.0 to 1.1.4
  com.unity.ide.vscode from version 1.1.2 to 1.1.4
  com.unity.test-framework from version 1.0.13 to 1.1.11
  com.unity.timeline from version 1.1.0 to 1.2.10
The following packages were removed:
  com.unity.package-manager-ui@2.2.0

=== Sat Sep 25 16:43:41 2021

Packages were changed.
Update Mode: resetToDefaultDependencies

The following packages were added:
  com.unity.ide.visualstudio@2.0.7
  com.unity.visualscripting@1.5.2
The following packages were updated:
  com.unity.collab-proxy from version 1.2.16 to 1.3.9
  com.unity.ide.rider from version 1.1.4 to 3.0.5
  com.unity.ide.vscode from version 1.1.4 to 1.2.3
  com.unity.test-framework from version 1.1.11 to 1.1.22
  com.unity.textmeshpro from version 2.0.1 to 3.0.4
  com.unity.timeline from version 1.2.10 to 1.5.2
The following packages were removed:
  com.unity.ext.nunit@1.0.0

=== Sat Jan 22 14:57:55 2022

Packages were changed.
Update Mode: updateDependencies

The following packages were updated:
  com.unity.collab-proxy from version 1.3.9 to 1.5.7
  com.unity.ide.rider from version 3.0.5 to 3.0.7
  com.unity.ide.visualstudio from version 2.0.7 to 2.0.9
  com.unity.test-framework from version 1.1.22 to 1.1.24
  com.unity.textmeshpro from version 3.0.4 to 3.0.6
  com.unity.timeline from version 1.5.2 to 1.5.5
  com.unity.visualscripting from version 1.5.2 to 1.6.1

=== Mon Jul  4 23:23:17 2022

Packages were changed.
Update Mode: updateDependencies

The following packages were updated:
  com.unity.collab-proxy from version 1.5.7 to 1.15.7
  com.unity.ide.rider from version 3.0.7 to 3.0.9
  com.unity.ide.visualstudio from version 2.0.9 to 2.0.14
  com.unity.ide.vscode from version 1.2.3 to 1.2.4
  com.unity.test-framework from version 1.1.24 to 1.1.29
  com.unity.timeline from version 1.5.5 to 1.6.3
  com.unity.visualscripting from version 1.6.1 to 1.7.6
